<?xml version="1.0" encoding="UTF-8"?>
<!-- Generated by org.testng.reporters.JUnitReportReporter -->
<testsuite hostname="EQAW42SLPC6558" failures="0" tests="1" name="runner.TestRunner" time="0.118" errors="1" timestamp="2024-07-22T12:34:39 IST" skipped="0">
  <testcase classname="runner.TestRunner" name="setUpClass" time="0.118">
    <error message="Failed to parse resource at: file:///C:/Users/sj109646/eclipse-workspace/SeleniumCucumberBDDProject/src/test/java/features/AmazonSearchProduct.feature
(4:3): expected: #TagLine, #RuleLine, #Comment, #Empty, got &#039;Scenario Outline : Validate search product page&#039;
(5:5): expected: #TagLine, #RuleLine, #Comment, #Empty, got &#039;Given user is on amazon landing page&#039;
(6:5): expected: #TagLine, #RuleLine, #Comment, #Empty, got &#039;When user search  in &lt;search box&gt;&#039;
(7:5): expected: #TagLine, #RuleLine, #Comment, #Empty, got &#039;And hit enter&#039;
(8:5): expected: #TagLine, #RuleLine, #Comment, #Empty, got &#039;Then user navigated to search result page&#039;
(9:5): expected: #TagLine, #RuleLine, #Comment, #Empty, got &#039;When user click on Add to carts from search result page&#039;
(10:5): expected: #TagLine, #RuleLine, #Comment, #Empty, got &#039;And user click on My cart&#039;
(11:5): expected: #TagLine, #RuleLine, #Comment, #Empty, got &#039;Then user navigate to My cart and see list of products&#039;
(13:5): expected: #TagLine, #RuleLine, #Comment, #Empty, got &#039;Examples:&#039;
(14:9): expected: #TagLine, #RuleLine, #Comment, #Empty, got &#039;|search box|&#039;
(15:9): expected: #TagLine, #RuleLine, #Comment, #Empty, got &#039;|headphones|&#039;" type="io.cucumber.core.gherkin.FeatureParserException">
      <![CDATA[io.cucumber.core.gherkin.FeatureParserException: Failed to parse resource at: file:///C:/Users/sj109646/eclipse-workspace/SeleniumCucumberBDDProject/src/test/java/features/AmazonSearchProduct.feature
(4:3): expected: #TagLine, #RuleLine, #Comment, #Empty, got 'Scenario Outline : Validate search product page'
(5:5): expected: #TagLine, #RuleLine, #Comment, #Empty, got 'Given user is on amazon landing page'
(6:5): expected: #TagLine, #RuleLine, #Comment, #Empty, got 'When user search  in <search box>'
(7:5): expected: #TagLine, #RuleLine, #Comment, #Empty, got 'And hit enter'
(8:5): expected: #TagLine, #RuleLine, #Comment, #Empty, got 'Then user navigated to search result page'
(9:5): expected: #TagLine, #RuleLine, #Comment, #Empty, got 'When user click on Add to carts from search result page'
(10:5): expected: #TagLine, #RuleLine, #Comment, #Empty, got 'And user click on My cart'
(11:5): expected: #TagLine, #RuleLine, #Comment, #Empty, got 'Then user navigate to My cart and see list of products'
(13:5): expected: #TagLine, #RuleLine, #Comment, #Empty, got 'Examples:'
(14:9): expected: #TagLine, #RuleLine, #Comment, #Empty, got '|search box|'
(15:9): expected: #TagLine, #RuleLine, #Comment, #Empty, got '|headphones|'
at io.cucumber.core.gherkin.messages.GherkinMessagesFeatureParser.parse(GherkinMessagesFeatureParser.java:56)
at io.cucumber.core.feature.FeatureParser.parseResource(FeatureParser.java:46)
at java.base/java.util.function.BiFunction.lambda$andThen$0(BiFunction.java:70)
at io.cucumber.core.resource.ResourceScanner.lambda$processResource$1(ResourceScanner.java:79)
at io.cucumber.core.resource.PathScanner$ResourceFileVisitor.visitFile(PathScanner.java:75)
at io.cucumber.core.resource.PathScanner$ResourceFileVisitor.visitFile(PathScanner.java:60)
at java.base/java.nio.file.Files.walkFileTree(Files.java:2811)
at io.cucumber.core.resource.PathScanner.findResourcesForPath(PathScanner.java:53)
at io.cucumber.core.resource.PathScanner.findResourcesForUri(PathScanner.java:31)
at io.cucumber.core.resource.ResourceScanner.findResourcesForUri(ResourceScanner.java:61)
at io.cucumber.core.resource.ResourceScanner.scanForResourcesUri(ResourceScanner.java:134)
at io.cucumber.core.runtime.FeaturePathFeatureSupplier.loadFeatures(FeaturePathFeatureSupplier.java:62)
at io.cucumber.core.runtime.FeaturePathFeatureSupplier.get(FeaturePathFeatureSupplier.java:45)
at io.cucumber.testng.TestNGCucumberRunner.<init>(TestNGCucumberRunner.java:122)
at io.cucumber.testng.AbstractTestNGCucumberTests.setUpClass(AbstractTestNGCucumberTests.java:27)
at java.base/jdk.internal.reflect.NativeMethodAccessorImpl.invoke0(Native Method)
at java.base/jdk.internal.reflect.NativeMethodAccessorImpl.invoke(NativeMethodAccessorImpl.java:77)
at java.base/jdk.internal.reflect.DelegatingMethodAccessorImpl.invoke(DelegatingMethodAccessorImpl.java:43)
at java.base/java.lang.reflect.Method.invoke(Method.java:568)
at org.testng.internal.MethodInvocationHelper.invokeMethod(MethodInvocationHelper.java:133)
at org.testng.internal.MethodInvocationHelper.invokeMethodConsideringTimeout(MethodInvocationHelper.java:62)
at org.testng.internal.ConfigInvoker.invokeConfigurationMethod(ConfigInvoker.java:385)
at org.testng.internal.ConfigInvoker.invokeConfigurations(ConfigInvoker.java:321)
at org.testng.internal.TestMethodWorker.invokeBeforeClassMethods(TestMethodWorker.java:176)
at org.testng.internal.TestMethodWorker.run(TestMethodWorker.java:122)
at java.base/java.util.ArrayList.forEach(ArrayList.java:1511)
at org.testng.TestRunner.privateRun(TestRunner.java:794)
at org.testng.TestRunner.run(TestRunner.java:596)
at org.testng.SuiteRunner.runTest(SuiteRunner.java:377)
at org.testng.SuiteRunner.runSequentially(SuiteRunner.java:371)
at org.testng.SuiteRunner.privateRun(SuiteRunner.java:332)
at org.testng.SuiteRunner.run(SuiteRunner.java:276)
at org.testng.SuiteRunnerWorker.runSuite(SuiteRunnerWorker.java:53)
at org.testng.SuiteRunnerWorker.run(SuiteRunnerWorker.java:96)
at org.testng.TestNG.runSuitesSequentially(TestNG.java:1212)
at org.testng.TestNG.runSuitesLocally(TestNG.java:1134)
at org.testng.TestNG.runSuites(TestNG.java:1063)
at org.testng.TestNG.run(TestNG.java:1031)
at org.testng.remote.AbstractRemoteTestNG.run(AbstractRemoteTestNG.java:115)
at org.testng.remote.RemoteTestNG.initAndRun(RemoteTestNG.java:293)
at org.testng.remote.RemoteTestNG.main(RemoteTestNG.java:91)
]]>
    </error>
  </testcase> <!-- setUpClass -->
  <system-out/>
</testsuite> <!-- runner.TestRunner -->
